2025-07-02 09:45:09 - anubi_main - INFO - Init rules repo
2025-07-02 09:45:09 - anubi_main - INFO - Directory /Users/andreacavallini/Repository/anubi/conf/anubi-signatures, exists, proceeding with pull
2025-07-02 09:45:11 - anubi_main - INFO - Clone rules repo status: <git.repo.base.Repo '/Users/andreacavallini/Repository/anubi/conf/anubi-signatures/.git'>
2025-07-02 09:45:11 - anubi_main - INFO - Update existing rules: <git.repo.base.Repo '/Users/andreacavallini/Repository/anubi/conf/anubi-signatures/.git'>
2025-07-02 09:45:11 - anubi_main - INFO - Starting Anubi for single scan file use..
2025-07-02 09:46:09 - anubi_main - INFO - Init rules repo
2025-07-02 09:46:09 - anubi_main - INFO - Directory /Users/andreacavallini/Repository/anubi/conf/anubi-signatures, exists, proceeding with pull
2025-07-02 09:46:09 - anubi_main - INFO - Clone rules repo status: <git.repo.base.Repo '/Users/andreacavallini/Repository/anubi/conf/anubi-signatures/.git'>
2025-07-02 09:46:09 - anubi_main - INFO - Update existing rules: <git.repo.base.Repo '/Users/andreacavallini/Repository/anubi/conf/anubi-signatures/.git'>
2025-07-02 09:46:09 - anubi_main - INFO - Starting Anubi for single scan file use..
2025-07-02 09:46:49 - anubi_main - INFO - Finished Anubi for single scan file use..
2025-07-02 09:50:31 - anubi_main - INFO - Init rules repo
2025-07-02 09:50:31 - anubi_main - INFO - Directory /Users/andreacavallini/Repository/anubi/conf/anubi-signatures, exists, proceeding with pull
2025-07-02 09:50:32 - anubi_main - INFO - Clone rules repo status: <git.repo.base.Repo '/Users/andreacavallini/Repository/anubi/conf/anubi-signatures/.git'>
2025-07-02 09:50:32 - anubi_main - INFO - Update existing rules: <git.repo.base.Repo '/Users/andreacavallini/Repository/anubi/conf/anubi-signatures/.git'>
2025-07-02 09:50:32 - anubi_main - INFO - Starting Anubi for single scan file use..
2025-07-02 09:50:35 - anubi_main - INFO - Finished Anubi for single scan file use..
2025-07-02 09:53:13 - anubi_main - INFO - Init rules repo
2025-07-02 09:53:13 - anubi_main - INFO - Directory /Users/andreacavallini/Repository/anubi/conf/anubi-signatures, exists, proceeding with pull
2025-07-02 09:53:13 - anubi_main - INFO - Clone rules repo status: <git.repo.base.Repo '/Users/andreacavallini/Repository/anubi/conf/anubi-signatures/.git'>
2025-07-02 09:53:13 - anubi_main - INFO - Update existing rules: <git.repo.base.Repo '/Users/andreacavallini/Repository/anubi/conf/anubi-signatures/.git'>
2025-07-02 09:53:13 - anubi_main - INFO - Starting Anubi for single scan file use..
2025-07-02 09:53:17 - anubi_main - INFO - Finished Anubi for single scan file use..
2025-07-02 09:56:24 - anubi_main - INFO - Init rules repo
2025-07-02 09:56:24 - anubi_main - INFO - Directory /Users/andreacavallini/Repository/anubi/conf/anubi-signatures, exists, proceeding with pull
2025-07-02 09:56:25 - anubi_main - INFO - Clone rules repo status: <git.repo.base.Repo '/Users/andreacavallini/Repository/anubi/conf/anubi-signatures/.git'>
2025-07-02 09:56:25 - anubi_main - INFO - Update existing rules: <git.repo.base.Repo '/Users/andreacavallini/Repository/anubi/conf/anubi-signatures/.git'>
2025-07-02 09:56:25 - anubi_main - INFO - Starting Anubi for single scan file use..
2025-07-02 09:56:29 - anubi_main - INFO - Finished Anubi for single scan file use..
2025-07-02 09:57:05 - anubi_main - INFO - Init rules repo
2025-07-02 09:57:05 - anubi_main - INFO - Directory /Users/andreacavallini/Repository/anubi/conf/anubi-signatures, exists, proceeding with pull
2025-07-02 09:57:06 - anubi_main - INFO - Clone rules repo status: <git.repo.base.Repo '/Users/andreacavallini/Repository/anubi/conf/anubi-signatures/.git'>
2025-07-02 09:57:06 - anubi_main - INFO - Update existing rules: <git.repo.base.Repo '/Users/andreacavallini/Repository/anubi/conf/anubi-signatures/.git'>
2025-07-02 09:57:06 - anubi_main - INFO - Starting Anubi for single scan file use..
2025-07-02 09:57:09 - anubi_main - INFO - Finished Anubi for single scan file use..
2025-07-02 09:58:09 - anubi_main - INFO - Init rules repo
2025-07-02 09:58:09 - anubi_main - INFO - Directory /Users/andreacavallini/Repository/anubi/conf/anubi-signatures, exists, proceeding with pull
2025-07-02 09:58:10 - anubi_main - INFO - Clone rules repo status: <git.repo.base.Repo '/Users/andreacavallini/Repository/anubi/conf/anubi-signatures/.git'>
2025-07-02 09:58:10 - anubi_main - INFO - Update existing rules: <git.repo.base.Repo '/Users/andreacavallini/Repository/anubi/conf/anubi-signatures/.git'>
2025-07-02 09:58:10 - anubi_main - INFO - Starting Anubi for single scan file use..
2025-07-02 09:58:13 - anubi_main - INFO - Finished Anubi for single scan file use..
2025-07-02 10:04:02 - anubi_main - INFO - Init rules repo
2025-07-02 10:04:02 - anubi_main - INFO - Directory /Users/andreacavallini/Repository/anubi/conf/anubi-signatures, exists, proceeding with pull
2025-07-02 10:04:03 - anubi_main - INFO - Clone rules repo status: <git.repo.base.Repo '/Users/andreacavallini/Repository/anubi/conf/anubi-signatures/.git'>
2025-07-02 10:04:03 - anubi_main - INFO - Update existing rules: <git.repo.base.Repo '/Users/andreacavallini/Repository/anubi/conf/anubi-signatures/.git'>
2025-07-02 10:05:47 - anubi_main - INFO - Init rules repo
2025-07-02 10:05:47 - anubi_main - INFO - Directory /Users/andreacavallini/Repository/anubi/conf/anubi-signatures, exists, proceeding with pull
2025-07-02 10:05:47 - anubi_main - INFO - Pull rules repo status: <git.repo.base.Repo '/Users/andreacavallini/Repository/anubi/conf/anubi-signatures/.git'>
2025-07-02 10:05:47 - anubi_main - INFO - Update existing rules: <git.repo.base.Repo '/Users/andreacavallini/Repository/anubi/conf/anubi-signatures/.git'>
2025-07-02 10:10:01 - anubi_main - INFO - Init rules repo
2025-07-02 10:10:01 - anubi_main - INFO - Directory /Users/andreacavallini/Repository/anubi/conf/anubi-signatures, exists, proceeding with pull
2025-07-02 10:10:01 - anubi_main - INFO - Pull rules repo status: <git.repo.base.Repo '/Users/andreacavallini/Repository/anubi/conf/anubi-signatures/.git'>
2025-07-02 10:10:01 - anubi_main - INFO - Update existing rules: <git.repo.base.Repo '/Users/andreacavallini/Repository/anubi/conf/anubi-signatures/.git'>
2025-07-02 10:14:44 - anubi_main - INFO - Init rules repo
2025-07-02 10:14:44 - anubi_main - INFO - Directory /Users/andreacavallini/Repository/anubi/conf/anubi-signatures, exists, proceeding with pull
2025-07-02 10:14:44 - anubi_main - INFO - Update existing rules: None
2025-07-02 10:14:58 - anubi_main - INFO - Init rules repo
2025-07-02 10:14:58 - anubi_main - INFO - Directory /Users/andreacavallini/Repository/anubi/conf/anubi-signatures, exists, proceeding with pull
2025-07-02 10:14:59 - anubi_main - INFO - Pull rules repo status: <git.repo.base.Repo '/Users/andreacavallini/Repository/anubi/conf/anubi-signatures/.git'>
2025-07-02 10:14:59 - anubi_main - INFO - Update existing rules: <git.repo.base.Repo '/Users/andreacavallini/Repository/anubi/conf/anubi-signatures/.git'>
2025-07-02 10:15:25 - anubi_main - INFO - Init rules repo
2025-07-02 10:15:25 - anubi_main - INFO - Directory /Users/andreacavallini/Repository/anubi/conf/anubi-signatures, exists, proceeding with pull
2025-07-02 10:15:26 - anubi_main - INFO - Pull rules repo status: <git.repo.base.Repo '/Users/andreacavallini/Repository/anubi/conf/anubi-signatures/.git'>
2025-07-02 10:15:26 - anubi_main - INFO - Update existing rules: <git.repo.base.Repo '/Users/andreacavallini/Repository/anubi/conf/anubi-signatures/.git'>
2025-07-02 10:15:26 - anubi_main - INFO - Starting Anubi for single scan file use..
2025-07-02 10:15:29 - anubi_main - INFO - Finished Anubi for single scan file use..
2025-07-02 10:17:51 - anubi_main - INFO - Init rules repo
2025-07-02 10:17:51 - anubi_main - INFO - Directory /Users/andreacavallini/Repository/anubi/conf/anubi-signatures, exists, proceeding with pull
2025-07-02 10:17:52 - anubi_main - INFO - Pull rules repo status: <git.repo.base.Repo '/Users/andreacavallini/Repository/anubi/conf/anubi-signatures/.git'>
2025-07-02 10:17:52 - anubi_main - INFO - Update existing rules: <git.repo.base.Repo '/Users/andreacavallini/Repository/anubi/conf/anubi-signatures/.git'>
2025-07-02 10:17:52 - anubi_main - INFO - Starting Anubi for single scan file use..
2025-07-02 10:17:55 - anubi_main - INFO - Finished Anubi for single scan file use..
2025-07-02 10:19:27 - anubi_main - INFO - Init rules repo
2025-07-02 10:19:27 - anubi_main - INFO - Directory /Users/andreacavallini/Repository/anubi/conf/anubi-signatures, exists, proceeding with pull
2025-07-02 10:19:27 - anubi_main - INFO - Pull rules repo status: <git.repo.base.Repo '/Users/andreacavallini/Repository/anubi/conf/anubi-signatures/.git'>
2025-07-02 10:19:27 - anubi_main - INFO - Update existing rules: <git.repo.base.Repo '/Users/andreacavallini/Repository/anubi/conf/anubi-signatures/.git'>
2025-07-02 10:19:27 - anubi_main - INFO - Starting Anubi for single scan file use..
2025-07-02 10:20:00 - anubi_main - INFO - Finished Anubi for single scan file use..
2025-07-02 10:30:01 - anubi_main - INFO - Init rules repo
2025-07-02 10:30:01 - anubi_main - INFO - Directory /Users/andreacavallini/Repository/anubi/conf/anubi-signatures, exists, proceeding with pull
2025-07-02 10:30:02 - anubi_main - INFO - Pull rules repo status: <git.repo.base.Repo '/Users/andreacavallini/Repository/anubi/conf/anubi-signatures/.git'>
2025-07-02 10:30:02 - anubi_main - INFO - Update existing rules: <git.repo.base.Repo '/Users/andreacavallini/Repository/anubi/conf/anubi-signatures/.git'>
2025-07-02 10:30:02 - anubi_main - INFO - Starting Anubi for single scan file use..
2025-07-02 10:30:34 - anubi_main - INFO - Finished Anubi for single scan file use..
2025-07-02 10:33:34 - anubi_main - INFO - Init rules repo
2025-07-02 10:33:34 - anubi_main - INFO - Directory /Users/andreacavallini/Repository/anubi/conf/anubi-signatures, exists, proceeding with pull
2025-07-02 10:33:34 - anubi_main - INFO - Pull rules repo status: <git.repo.base.Repo '/Users/andreacavallini/Repository/anubi/conf/anubi-signatures/.git'>
2025-07-02 10:33:34 - anubi_main - INFO - Update existing rules: <git.repo.base.Repo '/Users/andreacavallini/Repository/anubi/conf/anubi-signatures/.git'>
2025-07-02 10:33:34 - anubi_main - INFO - Starting Anubi for single scan file use..
2025-07-02 10:34:06 - anubi_main - INFO - Finished Anubi for single scan file use..
2025-07-02 10:35:43 - anubi_main - INFO - Init rules repo
2025-07-02 10:35:43 - anubi_main - INFO - Directory /Users/andreacavallini/Repository/anubi/conf/anubi-signatures, exists, proceeding with pull
2025-07-02 10:35:43 - anubi_main - INFO - Pull rules repo status: <git.repo.base.Repo '/Users/andreacavallini/Repository/anubi/conf/anubi-signatures/.git'>
2025-07-02 10:35:43 - anubi_main - INFO - Update existing rules: <git.repo.base.Repo '/Users/andreacavallini/Repository/anubi/conf/anubi-signatures/.git'>
2025-07-02 10:35:43 - anubi_main - INFO - Starting Anubi for single scan file use..
2025-07-02 10:35:47 - anubi_main - INFO - Finished Anubi for single scan file use..
2025-07-02 10:37:55 - anubi_main - INFO - Init rules repo
2025-07-02 10:37:55 - anubi_main - INFO - Directory /Users/andreacavallini/Repository/anubi/conf/anubi-signatures, exists, proceeding with pull
2025-07-02 10:37:56 - anubi_main - INFO - Pull rules repo status: <git.repo.base.Repo '/Users/andreacavallini/Repository/anubi/conf/anubi-signatures/.git'>
2025-07-02 10:37:56 - anubi_main - INFO - Update existing rules: <git.repo.base.Repo '/Users/andreacavallini/Repository/anubi/conf/anubi-signatures/.git'>
2025-07-02 10:37:56 - anubi_main - INFO - Starting Anubi for single scan file use..
2025-07-02 10:37:59 - anubi_main - INFO - Finished Anubi for single scan file use..
2025-07-02 10:38:36 - anubi_main - INFO - Init rules repo
2025-07-02 10:38:36 - anubi_main - INFO - Directory /Users/andreacavallini/Repository/anubi/conf/anubi-signatures, exists, proceeding with pull
2025-07-02 10:38:37 - anubi_main - INFO - Pull rules repo status: <git.repo.base.Repo '/Users/andreacavallini/Repository/anubi/conf/anubi-signatures/.git'>
2025-07-02 10:38:37 - anubi_main - INFO - Update existing rules: <git.repo.base.Repo '/Users/andreacavallini/Repository/anubi/conf/anubi-signatures/.git'>
2025-07-02 10:38:37 - anubi_main - INFO - Starting Anubi for single scan file use..
2025-07-02 10:38:40 - anubi_main - INFO - Finished Anubi for single scan file use..
2025-07-02 10:40:50 - anubi_main - INFO - Init rules repo
2025-07-02 10:40:50 - anubi_main - INFO - Directory /Users/andreacavallini/Repository/anubi/conf/anubi-signatures, exists, proceeding with pull
2025-07-02 10:40:51 - anubi_main - INFO - Pull rules repo status: <git.repo.base.Repo '/Users/andreacavallini/Repository/anubi/conf/anubi-signatures/.git'>
2025-07-02 10:40:51 - anubi_main - INFO - Update existing rules: <git.repo.base.Repo '/Users/andreacavallini/Repository/anubi/conf/anubi-signatures/.git'>
2025-07-02 10:40:51 - anubi_main - INFO - Starting Anubi for single scan file use..
2025-07-02 10:40:54 - anubi_main - INFO - Finished Anubi for single scan file use..
2025-07-02 10:42:01 - anubi_main - INFO - Init rules repo
2025-07-02 10:42:01 - anubi_main - INFO - Directory /Users/andreacavallini/Repository/anubi/conf/anubi-signatures, exists, proceeding with pull
2025-07-02 10:42:01 - anubi_main - INFO - Pull rules repo status: <git.repo.base.Repo '/Users/andreacavallini/Repository/anubi/conf/anubi-signatures/.git'>
2025-07-02 10:42:01 - anubi_main - INFO - Update existing rules: <git.repo.base.Repo '/Users/andreacavallini/Repository/anubi/conf/anubi-signatures/.git'>
2025-07-02 10:42:01 - anubi_main - INFO - Starting Anubi for single scan file use..
2025-07-02 10:42:05 - anubi_main - INFO - Finished Anubi for single scan file use..
2025-07-02 10:42:34 - anubi_main - INFO - Init rules repo
2025-07-02 10:42:34 - anubi_main - INFO - Directory /Users/andreacavallini/Repository/anubi/conf/anubi-signatures, exists, proceeding with pull
2025-07-02 10:42:34 - anubi_main - INFO - Pull rules repo status: <git.repo.base.Repo '/Users/andreacavallini/Repository/anubi/conf/anubi-signatures/.git'>
2025-07-02 10:42:34 - anubi_main - INFO - Update existing rules: <git.repo.base.Repo '/Users/andreacavallini/Repository/anubi/conf/anubi-signatures/.git'>
2025-07-02 10:42:34 - anubi_main - INFO - Starting Anubi for single scan file use..
2025-07-02 10:42:38 - anubi_main - INFO - Finished Anubi for single scan file use..
2025-07-02 10:43:45 - anubi_main - INFO - Init rules repo
2025-07-02 10:43:45 - anubi_main - INFO - Directory /Users/andreacavallini/Repository/anubi/conf/anubi-signatures, exists, proceeding with pull
2025-07-02 10:43:45 - anubi_main - INFO - Pull rules repo status: <git.repo.base.Repo '/Users/andreacavallini/Repository/anubi/conf/anubi-signatures/.git'>
2025-07-02 10:43:45 - anubi_main - INFO - Update existing rules: <git.repo.base.Repo '/Users/andreacavallini/Repository/anubi/conf/anubi-signatures/.git'>
2025-07-02 10:43:45 - anubi_main - INFO - Starting Anubi for single scan file use..
2025-07-02 10:43:49 - anubi_main - INFO - Finished Anubi for single scan file use..
2025-07-02 10:44:19 - anubi_main - INFO - Init rules repo
2025-07-02 10:44:19 - anubi_main - INFO - Directory /Users/andreacavallini/Repository/anubi/conf/anubi-signatures, exists, proceeding with pull
2025-07-02 10:44:19 - anubi_main - INFO - Pull rules repo status: <git.repo.base.Repo '/Users/andreacavallini/Repository/anubi/conf/anubi-signatures/.git'>
2025-07-02 10:44:19 - anubi_main - INFO - Update existing rules: <git.repo.base.Repo '/Users/andreacavallini/Repository/anubi/conf/anubi-signatures/.git'>
2025-07-02 10:44:19 - anubi_main - INFO - Starting Anubi for single scan file use..
2025-07-02 10:44:23 - anubi_main - INFO - Finished Anubi for single scan file use..
2025-07-02 10:44:55 - anubi_main - INFO - Init rules repo
2025-07-02 10:44:55 - anubi_main - INFO - Directory /Users/andreacavallini/Repository/anubi/conf/anubi-signatures, exists, proceeding with pull
2025-07-02 10:44:55 - anubi_main - INFO - Pull rules repo status: <git.repo.base.Repo '/Users/andreacavallini/Repository/anubi/conf/anubi-signatures/.git'>
2025-07-02 10:44:55 - anubi_main - INFO - Update existing rules: <git.repo.base.Repo '/Users/andreacavallini/Repository/anubi/conf/anubi-signatures/.git'>
2025-07-02 10:44:55 - anubi_main - INFO - Starting Anubi for single scan file use..
2025-07-02 10:44:59 - anubi_main - INFO - Finished Anubi for single scan file use..
2025-07-02 10:45:39 - anubi_main - INFO - Init rules repo
2025-07-02 10:45:39 - anubi_main - INFO - Directory /Users/andreacavallini/Repository/anubi/conf/anubi-signatures, exists, proceeding with pull
2025-07-02 10:45:40 - anubi_main - INFO - Pull rules repo status: <git.repo.base.Repo '/Users/andreacavallini/Repository/anubi/conf/anubi-signatures/.git'>
2025-07-02 10:45:40 - anubi_main - INFO - Update existing rules: <git.repo.base.Repo '/Users/andreacavallini/Repository/anubi/conf/anubi-signatures/.git'>
2025-07-02 10:45:40 - anubi_main - INFO - Starting Anubi for single scan file use..
2025-07-02 10:45:43 - anubi_main - INFO - Finished Anubi for single scan file use..
2025-07-02 10:46:30 - anubi_main - INFO - Init rules repo
2025-07-02 10:46:30 - anubi_main - INFO - Directory /Users/andreacavallini/Repository/anubi/conf/anubi-signatures, exists, proceeding with pull
2025-07-02 10:46:31 - anubi_main - INFO - Pull rules repo status: <git.repo.base.Repo '/Users/andreacavallini/Repository/anubi/conf/anubi-signatures/.git'>
2025-07-02 10:46:31 - anubi_main - INFO - Update existing rules: <git.repo.base.Repo '/Users/andreacavallini/Repository/anubi/conf/anubi-signatures/.git'>
2025-07-02 10:46:31 - anubi_main - INFO - Starting Anubi for single scan file use..
2025-07-02 10:46:34 - anubi_main - INFO - Finished Anubi for single scan file use..
2025-07-02 10:51:03 - anubi_main - INFO - Init rules repo
2025-07-02 10:51:03 - anubi_main - INFO - Directory /Users/andreacavallini/Repository/anubi/conf/anubi-signatures, exists, proceeding with pull
2025-07-02 10:51:03 - anubi_main - INFO - Pull rules repo status: <git.repo.base.Repo '/Users/andreacavallini/Repository/anubi/conf/anubi-signatures/.git'>
2025-07-02 10:51:03 - anubi_main - INFO - Update existing rules: <git.repo.base.Repo '/Users/andreacavallini/Repository/anubi/conf/anubi-signatures/.git'>
2025-07-02 10:51:03 - anubi_main - INFO - Starting Anubi for single scan file use..
2025-07-02 10:51:07 - anubi_main - INFO - Finished Anubi for single scan file use..
2025-07-02 10:52:10 - anubi_main - INFO - Init rules repo
2025-07-02 10:52:10 - anubi_main - INFO - Directory /Users/andreacavallini/Repository/anubi/conf/anubi-signatures, exists, proceeding with pull
2025-07-02 10:52:11 - anubi_main - INFO - Pull rules repo status: <git.repo.base.Repo '/Users/andreacavallini/Repository/anubi/conf/anubi-signatures/.git'>
2025-07-02 10:52:11 - anubi_main - INFO - Update existing rules: <git.repo.base.Repo '/Users/andreacavallini/Repository/anubi/conf/anubi-signatures/.git'>
2025-07-02 10:52:11 - anubi_main - INFO - Starting Anubi for single scan file use..
2025-07-02 10:52:14 - anubi_main - INFO - Finished Anubi for single scan file use..
2025-07-02 10:53:14 - anubi_main - INFO - Init rules repo
2025-07-02 10:53:14 - anubi_main - INFO - Directory /Users/andreacavallini/Repository/anubi/conf/anubi-signatures, exists, proceeding with pull
2025-07-02 10:53:15 - anubi_main - INFO - Pull rules repo status: <git.repo.base.Repo '/Users/andreacavallini/Repository/anubi/conf/anubi-signatures/.git'>
2025-07-02 10:53:15 - anubi_main - INFO - Update existing rules: <git.repo.base.Repo '/Users/andreacavallini/Repository/anubi/conf/anubi-signatures/.git'>
2025-07-02 10:53:15 - anubi_main - INFO - Starting Anubi for single scan file use..
2025-07-02 10:53:18 - anubi_main - INFO - Finished Anubi for single scan file use..
2025-07-02 10:55:27 - anubi_main - INFO - Init rules repo
2025-07-02 10:55:27 - anubi_main - INFO - Directory /Users/andreacavallini/Repository/anubi/conf/anubi-signatures, exists, proceeding with pull
2025-07-02 10:55:28 - anubi_main - INFO - Pull rules repo status: <git.repo.base.Repo '/Users/andreacavallini/Repository/anubi/conf/anubi-signatures/.git'>
2025-07-02 10:55:28 - anubi_main - INFO - Update existing rules: <git.repo.base.Repo '/Users/andreacavallini/Repository/anubi/conf/anubi-signatures/.git'>
2025-07-02 10:55:28 - anubi_main - INFO - Starting Anubi for single scan file use..
2025-07-02 10:55:31 - anubi_main - INFO - Finished Anubi for single scan file use..
2025-07-02 10:55:49 - anubi_main - INFO - Init rules repo
2025-07-02 10:55:49 - anubi_main - INFO - Directory /Users/andreacavallini/Repository/anubi/conf/anubi-signatures, exists, proceeding with pull
2025-07-02 10:55:50 - anubi_main - INFO - Pull rules repo status: <git.repo.base.Repo '/Users/andreacavallini/Repository/anubi/conf/anubi-signatures/.git'>
2025-07-02 10:55:50 - anubi_main - INFO - Update existing rules: <git.repo.base.Repo '/Users/andreacavallini/Repository/anubi/conf/anubi-signatures/.git'>
2025-07-02 10:55:50 - anubi_main - INFO - Starting Anubi for single scan file use..
2025-07-02 10:55:53 - anubi_main - INFO - Finished Anubi for single scan file use..
2025-07-02 10:56:23 - anubi_main - INFO - Init rules repo
2025-07-02 10:56:23 - anubi_main - INFO - Directory /Users/andreacavallini/Repository/anubi/conf/anubi-signatures, exists, proceeding with pull
2025-07-02 10:56:24 - anubi_main - INFO - Pull rules repo status: <git.repo.base.Repo '/Users/andreacavallini/Repository/anubi/conf/anubi-signatures/.git'>
2025-07-02 10:56:24 - anubi_main - INFO - Update existing rules: <git.repo.base.Repo '/Users/andreacavallini/Repository/anubi/conf/anubi-signatures/.git'>
2025-07-02 10:56:24 - anubi_main - INFO - Starting Anubi for single scan file use..
2025-07-02 10:56:27 - anubi_main - INFO - Finished Anubi for single scan file use..
2025-07-02 10:57:12 - anubi_main - INFO - Init rules repo
2025-07-02 10:57:12 - anubi_main - INFO - Directory /Users/andreacavallini/Repository/anubi/conf/anubi-signatures, exists, proceeding with pull
2025-07-02 10:57:12 - anubi_main - INFO - Pull rules repo status: <git.repo.base.Repo '/Users/andreacavallini/Repository/anubi/conf/anubi-signatures/.git'>
2025-07-02 10:57:12 - anubi_main - INFO - Update existing rules: <git.repo.base.Repo '/Users/andreacavallini/Repository/anubi/conf/anubi-signatures/.git'>
2025-07-02 10:57:12 - anubi_main - INFO - Starting Anubi for single scan file use..
2025-07-02 10:57:15 - anubi_main - INFO - Finished Anubi for single scan file use..
2025-07-02 11:00:31 - anubi_main - INFO - Init rules repo
2025-07-02 11:00:31 - anubi_main - INFO - Directory /Users/andreacavallini/Repository/anubi/conf/anubi-signatures, exists, proceeding with pull
2025-07-02 11:00:32 - anubi_main - INFO - Pull rules repo status: <git.repo.base.Repo '/Users/andreacavallini/Repository/anubi/conf/anubi-signatures/.git'>
2025-07-02 11:00:32 - anubi_main - INFO - Update existing rules: <git.repo.base.Repo '/Users/andreacavallini/Repository/anubi/conf/anubi-signatures/.git'>
2025-07-02 11:00:32 - anubi_main - INFO - Starting Anubi for single scan file use..
2025-07-02 11:00:35 - anubi_main - INFO - Finished Anubi for single scan file use..
2025-07-02 11:01:12 - anubi_main - INFO - Init rules repo
2025-07-02 11:01:12 - anubi_main - INFO - Directory /Users/andreacavallini/Repository/anubi/conf/anubi-signatures, exists, proceeding with pull
2025-07-02 11:01:13 - anubi_main - INFO - Pull rules repo status: <git.repo.base.Repo '/Users/andreacavallini/Repository/anubi/conf/anubi-signatures/.git'>
2025-07-02 11:01:13 - anubi_main - INFO - Update existing rules: <git.repo.base.Repo '/Users/andreacavallini/Repository/anubi/conf/anubi-signatures/.git'>
2025-07-02 11:01:13 - anubi_main - INFO - Starting Anubi for single scan file use..
2025-07-02 11:01:16 - anubi_main - INFO - Finished Anubi for single scan file use..
2025-07-02 11:01:59 - anubi_main - INFO - Init rules repo
2025-07-02 11:01:59 - anubi_main - INFO - Directory /Users/andreacavallini/Repository/anubi/conf/anubi-signatures, exists, proceeding with pull
2025-07-02 11:02:00 - anubi_main - INFO - Pull rules repo status: <git.repo.base.Repo '/Users/andreacavallini/Repository/anubi/conf/anubi-signatures/.git'>
2025-07-02 11:02:00 - anubi_main - INFO - Update existing rules: <git.repo.base.Repo '/Users/andreacavallini/Repository/anubi/conf/anubi-signatures/.git'>
2025-07-02 11:02:00 - anubi_main - INFO - Starting Anubi for single scan file use..
2025-07-02 11:02:03 - anubi_main - INFO - Finished Anubi for single scan file use..
2025-07-02 11:02:54 - anubi_main - INFO - Init rules repo
2025-07-02 11:02:54 - anubi_main - INFO - Directory /Users/andreacavallini/Repository/anubi/conf/anubi-signatures, exists, proceeding with pull
2025-07-02 11:02:55 - anubi_main - INFO - Pull rules repo status: <git.repo.base.Repo '/Users/andreacavallini/Repository/anubi/conf/anubi-signatures/.git'>
2025-07-02 11:02:55 - anubi_main - INFO - Update existing rules: <git.repo.base.Repo '/Users/andreacavallini/Repository/anubi/conf/anubi-signatures/.git'>
2025-07-02 11:02:55 - anubi_main - INFO - Starting Anubi for single scan file use..
2025-07-02 11:02:58 - anubi_main - INFO - Finished Anubi for single scan file use..
2025-07-02 11:10:46 - anubi_main - INFO - Init rules repo
2025-07-02 11:10:46 - anubi_main - INFO - Directory /Users/andreacavallini/Repository/anubi/conf/anubi-signatures, exists, proceeding with pull
2025-07-02 11:10:46 - anubi_main - INFO - Pull rules repo status: <git.repo.base.Repo '/Users/andreacavallini/Repository/anubi/conf/anubi-signatures/.git'>
2025-07-02 11:10:46 - anubi_main - INFO - Update existing rules: <git.repo.base.Repo '/Users/andreacavallini/Repository/anubi/conf/anubi-signatures/.git'>
2025-07-02 11:10:46 - anubi_main - INFO - Starting Anubi for single scan file use..
2025-07-02 11:10:49 - anubi_main - INFO - Finished Anubi for single scan file use..
